0 info it worked if it ends with ok
1 verbose cli [ 'node', '/usr/local/bin/npm', 'run', 'seed' ]
2 info using npm@3.1.0
3 info using node@v0.12.7
4 verbose node symlink /usr/local/bin/node
5 verbose run-script [ 'preseed', 'seed', 'postseed' ]
6 info preseed auther@1.0.0
7 info seed auther@1.0.0
8 verbose unsafe-perm in lifecycle true
9 info auther@1.0.0 Failed to exec seed script
10 verbose stack Error: auther@1.0.0 seed: `node seed`
10 verbose stack Exit status 1
10 verbose stack     at EventEmitter.<anonymous> (/usr/local/lib/node_modules/npm/lib/utils/lifecycle.js:222:16)
10 verbose stack     at EventEmitter.emit (events.js:110:17)
10 verbose stack     at ChildProcess.<anonymous> (/usr/local/lib/node_modules/npm/lib/utils/spawn.js:24:14)
10 verbose stack     at ChildProcess.emit (events.js:110:17)
10 verbose stack     at maybeClose (child_process.js:1015:16)
10 verbose stack     at Process.ChildProcess._handle.onexit (child_process.js:1087:5)
11 verbose pkgid auther@1.0.0
12 verbose cwd /Users/Sunil/Documents/Programming/FullstackAcademy/Immersive/06/0605/auther-defence
13 error Darwin 15.0.0
14 error argv "node" "/usr/local/bin/npm" "run" "seed"
15 error node v0.12.7
16 error npm  v3.1.0
17 error code ELIFECYCLE
18 error auther@1.0.0 seed: `node seed`
18 error Exit status 1
19 error Failed at the auther@1.0.0 seed script 'node seed'.
19 error This is most likely a problem with the auther package,
19 error not with npm itself.
19 error Tell the author that this fails on your system:
19 error     node seed
19 error You can get their info via:
19 error     npm owner ls auther
19 error There is likely additional logging output above.
20 verbose exit [ 1, true ]
